<?xml version="1.0" encoding="UTF-8"?>
<testng-results ignored="0" total="2" passed="2" failed="0" skipped="0">
  <reporter-output>
  </reporter-output>
  <suite started-at="2020-10-14T16:36:02 IST" name="Suite" finished-at="2020-10-14T16:36:02 IST" duration-ms="22">
    <groups>
    </groups>
    <test started-at="2020-10-14T16:36:02 IST" name="Test" finished-at="2020-10-14T16:36:02 IST" duration-ms="22">
      <class name="com.qa.test.SecondTest">
        <test-method signature="first()[pri:0, instance:com.qa.test.SecondTest@17c1bced]" started-at="2020-10-14T16:36:02 IST" name="first" finished-at="2020-10-14T16:36:02 IST" duration-ms="3" status="PASS">
          <reporter-output>
          </reporter-output>
        </test-method> <!-- first -->
        <test-method signature="second()[pri:0, instance:com.qa.test.SecondTest@17c1bced]" started-at="2020-10-14T16:36:02 IST" name="second" finished-at="2020-10-14T16:36:02 IST" duration-ms="0" status="PASS">
          <reporter-output>
          </reporter-output>
        </test-method> <!-- second -->
      </class> <!-- com.qa.test.SecondTest -->
    </test> <!-- Test -->
  </suite> <!-- Suite -->
</testng-results>
