<?xml version="1.0" encoding="UTF-8"?>
<testng-results ignored="0" total="2" passed="2" failed="0" skipped="0">
  <reporter-output>
  </reporter-output>
  <suite started-at="2020-10-13T01:52:26 IST" name="Default suite" finished-at="2020-10-13T01:52:26 IST" duration-ms="54">
    <groups>
    </groups>
    <test started-at="2020-10-13T01:52:26 IST" name="Default test" finished-at="2020-10-13T01:52:26 IST" duration-ms="54">
      <class name="com.qa.test.SecondTest">
        <test-method signature="first()[pri:0, instance:com.qa.test.SecondTest@7f010382]" started-at="2020-10-13T01:52:26 IST" name="first" finished-at="2020-10-13T01:52:26 IST" duration-ms="10" status="PASS">
          <reporter-output>
          </reporter-output>
        </test-method> <!-- first -->
        <test-method signature="second()[pri:0, instance:com.qa.test.SecondTest@7f010382]" started-at="2020-10-13T01:52:26 IST" name="second" finished-at="2020-10-13T01:52:26 IST" duration-ms="1" status="PASS">
          <reporter-output>
          </reporter-output>
        </test-method> <!-- second -->
      </class> <!-- com.qa.test.SecondTest -->
    </test> <!-- Default test -->
  </suite> <!-- Default suite -->
</testng-results>
